<?xml version="1.0" encoding="UTF-8" standalone="yes"?><!DOCTYPE report PUBLIC "-//JACOCO//DTD Report 1.1//EN" "report.dtd"><report name="collection for instrument"><sessioninfo id="runnervmrw5os-e1deb18c" start="1778791165644" dump="1778791166574"/><package name="org/conetex/runtime/instrument/collection"><class name="org/conetex/runtime/instrument/collection/AvlTree$ValueFactory" sourcefilename="AvlTree.java"/><class name="org/conetex/runtime/instrument/collection/AvlTree$AbstractNodeChange" sourcefilename="AvlTree.java"><method name="&lt;init&gt;" desc="(Lorg/conetex/runtime/instrument/collection/AvlTree$AbstractNode;Ljava/lang/Comparable;Lorg/conetex/runtime/instrument/collection/AvlTree$AbstractNode;)V" line="118"><counter type="INSTRUCTION" missed="0" covered="19"/><counter type="LINE" missed="0" covered="6"/><counter type="COMPLEXITY" missed="0" covered="1"/><counter type="METHOD" missed="0" covered="1"/></method><counter type="INSTRUCTION" missed="0" covered="19"/><counter type="LINE" missed="0" covered="6"/><counter type="COMPLEXITY" missed="0" covered="1"/><counter type="METHOD" missed="0" covered="1"/><counter type="CLASS" missed="0" covered="1"/></class><class name="org/conetex/runtime/instrument/collection/AvlTree$NodeChangeToNull" sourcefilename="AvlTree.java"><method name="&lt;init&gt;" desc="()V" line="728"><counter type="INSTRUCTION" missed="0" covered="6"/><counter type="LINE" missed="0" covered="2"/><counter type="COMPLEXITY" missed="0" covered="1"/><counter type="METHOD" missed="0" covered="1"/></method><method name="implement" desc="()Lorg/conetex/runtime/instrument/collection/AvlTree$AbstractNode;" line="733"><counter type="INSTRUCTION" missed="0" covered="2"/><counter type="LINE" missed="0" covered="1"/><counter type="COMPLEXITY" missed="0" covered="1"/><counter type="METHOD" missed="0" covered="1"/></method><counter type="INSTRUCTION" missed="0" covered="8"/><counter type="LINE" missed="0" covered="3"/><counter type="COMPLEXITY" missed="0" covered="2"/><counter type="METHOD" missed="0" covered="2"/><counter type="CLASS" missed="0" covered="1"/></class><class name="org/conetex/runtime/instrument/collection/AvlTree$ReverseMapIterator" sourcefilename="AvlTree.java"><method name="&lt;init&gt;" desc="(Lorg/conetex/runtime/instrument/collection/AvlTree$AbstractNode;)V" line="1277"><counter type="INSTRUCTION" missed="4" covered="0"/><counter type="LINE" missed="2" covered="0"/><counter type="COMPLEXITY" missed="1" covered="0"/><counter type="METHOD" missed="1" covered="0"/></method><method name="next" desc="()Lorg/conetex/runtime/instrument/collection/AvlTree$Entry;" line="1287"><counter type="INSTRUCTION" missed="3" covered="0"/><counter type="LINE" missed="1" covered="0"/><counter type="COMPLEXITY" missed="1" covered="0"/><counter type="METHOD" missed="1" covered="0"/></method><counter type="INSTRUCTION" missed="7" covered="0"/><counter type="LINE" missed="3" covered="0"/><counter type="COMPLEXITY" missed="2" covered="0"/><counter type="METHOD" missed="2" covered="0"/><counter type="CLASS" missed="1" covered="0"/></class><class name="org/conetex/runtime/instrument/collection/AvlTree$NodeIterator" sourcefilename="AvlTree.java"><method name="&lt;init&gt;" desc="(Lorg/conetex/runtime/instrument/collection/AvlTree$AbstractNode;)V" line="1118"><counter type="INSTRUCTION" missed="0" covered="6"/><counter type="LINE" missed="0" covered="3"/><counter type="COMPLEXITY" missed="0" covered="1"/><counter type="METHOD" missed="0" covered="1"/></method><method name="pushLeft" desc="(Lorg/conetex/runtime/instrument/collection/AvlTree$AbstractNode;)V" line="1123"><counter type="INSTRUCTION" missed="0" covered="15"/><counter type="BRANCH" missed="0" covered="2"/><counter type="LINE" missed="0" covered="4"/><counter type="COMPLEXITY" missed="0" covered="2"/><counter type="METHOD" missed="0" covered="1"/></method><method name="nextNode" desc="()Lorg/conetex/runtime/instrument/collection/AvlTree$Entry;" line="1145"><counter type="INSTRUCTION" missed="2" covered="18"/><counter type="BRANCH" missed="1" covered="1"/><counter type="LINE" missed="1" covered="5"/><counter type="COMPLEXITY" missed="1" covered="1"/><counter type="METHOD" missed="0" covered="1"/></method><counter type="INSTRUCTION" missed="2" covered="39"/><counter type="BRANCH" missed="1" covered="3"/><counter type="LINE" missed="1" covered="12"/><counter type="COMPLEXITY" missed="1" covered="4"/><counter type="METHOD" missed="0" covered="3"/><counter type="CLASS" missed="0" covered="1"/></class><class name="org/conetex/runtime/instrument/collection/AvlTree$MapNodeChange" sourcefilename="AvlTree.java"><method name="&lt;init&gt;" desc="(Lorg/conetex/runtime/instrument/collection/AvlTree$AbstractNode;Ljava/lang/Comparable;Ljava/lang/Object;Lorg/conetex/runtime/instrument/collection/AvlTree$AbstractNode;)V" line="905"><counter type="INSTRUCTION" missed="9" covered="0"/><counter type="LINE" missed="3" covered="0"/><counter type="COMPLEXITY" missed="1" covered="0"/><counter type="METHOD" missed="1" covered="0"/></method><method name="implement" desc="()Lorg/conetex/runtime/instrument/collection/AvlTree$AbstractNode;" line="911"><counter type="INSTRUCTION" missed="14" covered="0"/><counter type="LINE" missed="1" covered="0"/><counter type="COMPLEXITY" missed="1" covered="0"/><counter type="METHOD" missed="1" covered="0"/></method><counter type="INSTRUCTION" missed="23" covered="0"/><counter type="LINE" missed="4" covered="0"/><counter type="COMPLEXITY" missed="2" covered="0"/><counter type="METHOD" missed="2" covered="0"/><counter type="CLASS" missed="1" covered="0"/></class><class name="org/conetex/runtime/instrument/collection/AvlTree$Entry" sourcefilename="AvlTree.java"/><class name="org/conetex/runtime/instrument/collection/AvlTree$ReverseSetIterator" sourcefilename="AvlTree.java"><method name="&lt;init&gt;" desc="(Lorg/conetex/runtime/instrument/collection/AvlTree$AbstractNode;)V" line="1230"><counter type="INSTRUCTION" missed="0" covered="4"/><counter type="LINE" missed="0" covered="2"/><counter type="COMPLEXITY" missed="0" covered="1"/><counter type="METHOD" missed="0" covered="1"/></method><method name="next" desc="()Ljava/lang/Comparable;" line="1240"><counter type="INSTRUCTION" missed="0" covered="6"/><counter type="LINE" missed="0" covered="2"/><counter type="COMPLEXITY" missed="0" covered="1"/><counter type="METHOD" missed="0" covered="1"/></method><counter type="INSTRUCTION" missed="0" covered="10"/><counter type="LINE" missed="0" covered="4"/><counter type="COMPLEXITY" missed="0" covered="2"/><counter type="METHOD" missed="0" covered="2"/><counter type="CLASS" missed="0" covered="1"/></class><class name="org/conetex/runtime/instrument/collection/AvlTree$SetNode" sourcefilename="AvlTree.java"><method name="&lt;init&gt;" desc="(Lorg/conetex/runtime/instrument/collection/AvlTree$AbstractNode;Ljava/lang/Comparable;Lorg/conetex/runtime/instrument/collection/AvlTree$AbstractNode;)V" line="754"><counter type="INSTRUCTION" missed="0" covered="6"/><counter type="LINE" missed="0" covered="2"/><counter type="COMPLEXITY" missed="0" covered="1"/><counter type="METHOD" missed="0" covered="1"/></method><method name="&lt;init&gt;" desc="(Lorg/conetex/runtime/instrument/collection/AvlTree$AbstractNode;Ljava/lang/Comparable;Lorg/conetex/runtime/instrument/collection/AvlTree$AbstractNode;I)V" line="758"><counter type="INSTRUCTION" missed="0" covered="7"/><counter type="LINE" missed="0" covered="2"/><counter type="COMPLEXITY" missed="0" covered="1"/><counter type="METHOD" missed="0" covered="1"/></method><method name="updateValue" desc="(Lorg/conetex/runtime/instrument/collection/AvlTree$ValueUpdate;)V" line="764"><counter type="INSTRUCTION" missed="0" covered="1"/><counter type="LINE" missed="0" covered="1"/><counter type="COMPLEXITY" missed="0" covered="1"/><counter type="METHOD" missed="0" covered="1"/></method><method name="setValue" desc="(Ljava/lang/Comparable;)V" line="769"><counter type="INSTRUCTION" missed="0" covered="1"/><counter type="LINE" missed="0" covered="1"/><counter type="COMPLEXITY" missed="0" covered="1"/><counter type="METHOD" missed="0" covered="1"/></method><method name="change" desc="(Lorg/conetex/runtime/instrument/collection/AvlTree$AbstractNode;Lorg/conetex/runtime/instrument/collection/AvlTree$AbstractNode;)Lorg/conetex/runtime/instrument/collection/AvlTree$AbstractNodeChange;" line="773"><counter type="INSTRUCTION" missed="0" covered="8"/><counter type="LINE" missed="0" covered="1"/><counter type="COMPLEXITY" missed="0" covered="1"/><counter type="METHOD" missed="0" covered="1"/></method><method name="createLeaf" desc="(Ljava/lang/Comparable;Lorg/conetex/runtime/instrument/collection/AvlTree$ValueFactory;)Lorg/conetex/runtime/instrument/collection/AvlTree$SetLeafNode;" line="778"><counter type="INSTRUCTION" missed="0" covered="5"/><counter type="LINE" missed="0" covered="1"/><counter type="COMPLEXITY" missed="0" covered="1"/><counter type="METHOD" missed="0" covered="1"/></method><method name="create" desc="(Lorg/conetex/runtime/instrument/collection/AvlTree$AbstractNode;Lorg/conetex/runtime/instrument/collection/AvlTree$AbstractNode;)Lorg/conetex/runtime/instrument/collection/AvlTree$AbstractBalancedNode;" line="783"><counter type="INSTRUCTION" missed="0" covered="8"/><counter type="LINE" missed="0" covered="1"/><counter type="COMPLEXITY" missed="0" covered="1"/><counter type="METHOD" missed="0" covered="1"/></method><method name="value" desc="()Ljava/lang/Comparable;" line="788"><counter type="INSTRUCTION" missed="0" covered="3"/><counter type="LINE" missed="0" covered="1"/><counter type="COMPLEXITY" missed="0" covered="1"/><counter type="METHOD" missed="0" covered="1"/></method><counter type="INSTRUCTION" missed="0" covered="39"/><counter type="LINE" missed="0" covered="10"/><counter type="COMPLEXITY" missed="0" covered="8"/><counter type="METHOD" missed="0" covered="8"/><counter type="CLASS" missed="0" covered="1"/></class><class name="org/conetex/runtime/instrument/collection/AvlTree$SetLeafNode" sourcefilename="AvlTree.java"><method name="&lt;init&gt;" desc="(Ljava/lang/Comparable;)V" line="796"><counter type="INSTRUCTION" missed="0" covered="4"/><counter type="LINE" missed="0" covered="2"/><counter type="COMPLEXITY" missed="0" covered="1"/><counter type="METHOD" missed="0" covered="1"/></method><method name="updateValue" desc="(Lorg/conetex/runtime/instrument/collection/AvlTree$ValueUpdate;)V" line="802"><counter type="INSTRUCTION" missed="1" covered="0"/><counter type="LINE" missed="1" covered="0"/><counter type="COMPLEXITY" missed="1" covered="0"/><counter type="METHOD" missed="1" covered="0"/></method><method name="setValue" desc="(Ljava/lang/Comparable;)V" line="807"><counter type="INSTRUCTION" missed="1" covered="0"/><counter type="LINE" missed="1" covered="0"/><counter type="COMPLEXITY" missed="1" covered="0"/><counter type="METHOD" missed="1" covered="0"/></method><method name="value" desc="()Ljava/lang/Comparable;" line="811"><counter type="INSTRUCTION" missed="0" covered="3"/><counter type="LINE" missed="0" covered="1"/><counter type="COMPLEXITY" missed="0" covered="1"/><counter type="METHOD" missed="0" covered="1"/></method><method name="change" desc="(Lorg/conetex/runtime/instrument/collection/AvlTree$AbstractNode;Lorg/conetex/runtime/instrument/collection/AvlTree$AbstractNode;)Lorg/conetex/runtime/instrument/collection/AvlTree$AbstractNodeChange;" line="816"><counter type="INSTRUCTION" missed="0" covered="8"/><counter type="LINE" missed="0" covered="1"/><counter type="COMPLEXITY" missed="0" covered="1"/><counter type="METHOD" missed="0" covered="1"/></method><method name="createLeaf" desc="(Ljava/lang/Comparable;Lorg/conetex/runtime/instrument/collection/AvlTree$ValueFactory;)Lorg/conetex/runtime/instrument/collection/AvlTree$SetLeafNode;" line="821"><counter type="INSTRUCTION" missed="0" covered="5"/><counter type="LINE" missed="0" covered="1"/><counter type="COMPLEXITY" missed="0" covered="1"/><counter type="METHOD" missed="0" covered="1"/></method><counter type="INSTRUCTION" missed="2" covered="20"/><counter type="LINE" missed="2" covered="5"/><counter type="COMPLEXITY" missed="2" covered="4"/><counter type="METHOD" missed="2" covered="4"/><counter type="CLASS" missed="0" covered="1"/></class><class name="org/conetex/runtime/instrument/collection/AvlTree$ValueUpdate" sourcefilename="AvlTree.java"/><class name="org/conetex/runtime/instrument/collection/AvlTree$NodeChangeToExisting" sourcefilename="AvlTree.java"><method name="&lt;init&gt;" desc="(Lorg/conetex/runtime/instrument/collection/AvlTree$AbstractNode;)V" line="714"><counter type="INSTRUCTION" missed="0" covered="9"/><counter type="LINE" missed="0" covered="3"/><counter type="COMPLEXITY" missed="0" covered="1"/><counter type="METHOD" missed="0" covered="1"/></method><method name="implement" desc="()Lorg/conetex/runtime/instrument/collection/AvlTree$AbstractNode;" line="720"><counter type="INSTRUCTION" missed="0" covered="3"/><counter type="LINE" missed="0" covered="1"/><counter type="COMPLEXITY" missed="0" covered="1"/><counter type="METHOD" missed="0" covered="1"/></method><counter type="INSTRUCTION" missed="0" covered="12"/><counter type="LINE" missed="0" covered="4"/><counter type="COMPLEXITY" missed="0" covered="2"/><counter type="METHOD" missed="0" covered="2"/><counter type="CLASS" missed="0" covered="1"/></class><class name="org/conetex/runtime/instrument/collection/AvlTree$AbstractTree" sourcefilename="AvlTree.java"><method name="&lt;init&gt;" desc="()V" line="579"><counter type="INSTRUCTION" missed="0" covered="6"/><counter type="LINE" missed="0" covered="2"/><counter type="COMPLEXITY" missed="0" covered="1"/><counter type="METHOD" missed="0" covered="1"/></method><method name="getRoot" desc="()Lorg/conetex/runtime/instrument/collection/AvlTree$AbstractNode;" line="584"><counter type="INSTRUCTION" missed="0" covered="3"/><counter type="LINE" missed="0" covered="1"/><counter type="COMPLEXITY" missed="0" covered="1"/><counter type="METHOD" missed="0" covered="1"/></method><method name="insert" desc="(Ljava/lang/Comparable;Lorg/conetex/runtime/instrument/collection/AvlTree$ValueFactory;Lorg/conetex/runtime/instrument/collection/AvlTree$ValueUpdate;)V" line="593"><counter type="INSTRUCTION" missed="3" covered="48"/><counter type="BRANCH" missed="1" covered="5"/><counter type="LINE" missed="1" covered="13"/><counter type="COMPLEXITY" missed="1" covered="3"/><counter type="METHOD" missed="0" covered="1"/></method><method name="deleteFromTree" desc="(Ljava/lang/Comparable;)V" line="618"><counter type="INSTRUCTION" missed="6" covered="39"/><counter type="BRANCH" missed="2" covered="6"/><counter type="LINE" missed="2" covered="14"/><counter type="COMPLEXITY" missed="2" covered="3"/><counter type="METHOD" missed="0" covered="1"/></method><method name="find" desc="(Ljava/lang/Comparable;)Lorg/conetex/runtime/instrument/collection/AvlTree$AbstractNode;" line="650"><counter type="INSTRUCTION" missed="25" covered="0"/><counter type="BRANCH" missed="4" covered="0"/><counter type="LINE" missed="8" covered="0"/><counter type="COMPLEXITY" missed="3" covered="0"/><counter type="METHOD" missed="1" covered="0"/></method><method name="findInTree" desc="(Ljava/lang/Comparable;)Ljava/lang/Object;" line="667"><counter type="INSTRUCTION" missed="11" covered="0"/><counter type="BRANCH" missed="2" covered="0"/><counter type="LINE" missed="4" covered="0"/><counter type="COMPLEXITY" missed="2" covered="0"/><counter type="METHOD" missed="1" covered="0"/></method><method name="preOrder" desc="(Lorg/conetex/runtime/instrument/collection/AvlTree$AbstractNode;)V" line="676"><counter type="INSTRUCTION" missed="0" covered="17"/><counter type="BRANCH" missed="0" covered="2"/><counter type="LINE" missed="0" covered="5"/><counter type="COMPLEXITY" missed="0" covered="2"/><counter type="METHOD" missed="0" covered="1"/></method><method name="inOrder" desc="(Lorg/conetex/runtime/instrument/collection/AvlTree$AbstractNode;)V" line="684"><counter type="INSTRUCTION" missed="0" covered="17"/><counter type="BRANCH" missed="0" covered="2"/><counter type="LINE" missed="0" covered="5"/><counter type="COMPLEXITY" missed="0" covered="2"/><counter type="METHOD" missed="0" covered="1"/></method><method name="reverseOrder" desc="(Lorg/conetex/runtime/instrument/collection/AvlTree$AbstractNode;)V" line="692"><counter type="INSTRUCTION" missed="0" covered="17"/><counter type="BRANCH" missed="0" covered="2"/><counter type="LINE" missed="0" covered="5"/><counter type="COMPLEXITY" missed="0" covered="2"/><counter type="METHOD" missed="0" covered="1"/></method><method name="postOrder" desc="(Lorg/conetex/runtime/instrument/collection/AvlTree$AbstractNode;)V" line="700"><counter type="INSTRUCTION" missed="0" covered="17"/><counter type="BRANCH" missed="0" covered="2"/><counter type="LINE" missed="0" covered="5"/><counter type="COMPLEXITY" missed="0" covered="2"/><counter type="METHOD" missed="0" covered="1"/></method><counter type="INSTRUCTION" missed="45" covered="164"/><counter type="BRANCH" missed="9" covered="19"/><counter type="LINE" missed="15" covered="50"/><counter type="COMPLEXITY" missed="8" covered="16"/><counter type="METHOD" missed="2" covered="8"/><counter type="CLASS" missed="0" covered="1"/></class><class name="org/conetex/runtime/instrument/collection/AvlTree$AbstractNodeIterator" sourcefilename="AvlTree.java"><method name="&lt;init&gt;" desc="()V" line="1095"><counter type="INSTRUCTION" missed="0" covered="3"/><counter type="LINE" missed="0" covered="1"/><counter type="COMPLEXITY" missed="0" covered="1"/><counter type="METHOD" missed="0" covered="1"/></method><method name="hasNext" desc="()Z" line="1110"><counter type="INSTRUCTION" missed="0" covered="7"/><counter type="BRANCH" missed="0" covered="2"/><counter type="LINE" missed="0" covered="1"/><counter type="COMPLEXITY" missed="0" covered="2"/><counter type="METHOD" missed="0" covered="1"/></method><counter type="INSTRUCTION" missed="0" covered="10"/><counter type="BRANCH" missed="0" covered="2"/><counter type="LINE" missed="0" covered="2"/><counter type="COMPLEXITY" missed="0" covered="3"/><counter type="METHOD" missed="0" covered="2"/><counter type="CLASS" missed="0" covered="1"/></class><class name="org/conetex/runtime/instrument/collection/AvlTree$MapIterator" sourcefilename="AvlTree.java"><method name="&lt;init&gt;" desc="(Lorg/conetex/runtime/instrument/collection/AvlTree$AbstractNode;)V" line="1254"><counter type="INSTRUCTION" missed="4" covered="0"/><counter type="LINE" missed="2" covered="0"/><counter type="COMPLEXITY" missed="1" covered="0"/><counter type="METHOD" missed="1" covered="0"/></method><method name="next" desc="()Lorg/conetex/runtime/instrument/collection/AvlTree$Entry;" line="1264"><counter type="INSTRUCTION" missed="3" covered="0"/><counter type="LINE" missed="1" covered="0"/><counter type="COMPLEXITY" missed="1" covered="0"/><counter type="METHOD" missed="1" covered="0"/></method><counter type="INSTRUCTION" missed="7" covered="0"/><counter type="LINE" missed="3" covered="0"/><counter type="COMPLEXITY" missed="2" covered="0"/><counter type="METHOD" missed="2" covered="0"/><counter type="CLASS" missed="1" covered="0"/></class><class name="org/conetex/runtime/instrument/collection/AvlTree" sourcefilename="AvlTree.java"/><class name="org/conetex/runtime/instrument/collection/AvlTree$SetNodeChange" sourcefilename="AvlTree.java"><method name="&lt;init&gt;" desc="(Lorg/conetex/runtime/instrument/collection/AvlTree$AbstractNode;Ljava/lang/Comparable;Lorg/conetex/runtime/instrument/collection/AvlTree$AbstractNode;)V" line="741"><counter type="INSTRUCTION" missed="0" covered="6"/><counter type="LINE" missed="0" covered="2"/><counter type="COMPLEXITY" missed="0" covered="1"/><counter type="METHOD" missed="0" covered="1"/></method><method name="implement" desc="()Lorg/conetex/runtime/instrument/collection/AvlTree$AbstractNode;" line="746"><counter type="INSTRUCTION" missed="0" covered="12"/><counter type="LINE" missed="0" covered="1"/><counter type="COMPLEXITY" missed="0" covered="1"/><counter type="METHOD" missed="0" covered="1"/></method><counter type="INSTRUCTION" missed="0" covered="18"/><counter type="LINE" missed="0" covered="3"/><counter type="COMPLEXITY" missed="0" covered="2"/><counter type="METHOD" missed="0" covered="2"/><counter type="CLASS" missed="0" covered="1"/></class><class name="org/conetex/runtime/instrument/collection/AvlTree$Map" sourcefilename="AvlTree.java"><method name="&lt;init&gt;" desc="()V" line="1018"><counter type="INSTRUCTION" missed="3" covered="0"/><counter type="LINE" missed="1" covered="0"/><counter type="COMPLEXITY" missed="1" covered="0"/><counter type="METHOD" missed="1" covered="0"/></method><method name="insertIntoTree" desc="(Ljava/lang/Comparable;Ljava/lang/Object;)V" line="1028"><counter type="INSTRUCTION" missed="11" covered="0"/><counter type="BRANCH" missed="2" covered="0"/><counter type="LINE" missed="4" covered="0"/><counter type="COMPLEXITY" missed="2" covered="0"/><counter type="METHOD" missed="1" covered="0"/></method><method name="insertIntoTree" desc="(Ljava/lang/Comparable;Lorg/conetex/runtime/instrument/collection/AvlTree$ValueFactory;Lorg/conetex/runtime/instrument/collection/AvlTree$ValueUpdate;)V" line="1040"><counter type="INSTRUCTION" missed="9" covered="0"/><counter type="BRANCH" missed="2" covered="0"/><counter type="LINE" missed="4" covered="0"/><counter type="COMPLEXITY" missed="2" covered="0"/><counter type="METHOD" missed="1" covered="0"/></method><method name="iterator" desc="()Ljava/util/Iterator;" line="1058"><counter type="INSTRUCTION" missed="6" covered="0"/><counter type="LINE" missed="1" covered="0"/><counter type="COMPLEXITY" missed="1" covered="0"/><counter type="METHOD" missed="1" covered="0"/></method><method name="reverseIterable" desc="()Ljava/lang/Iterable;" line="1067"><counter type="INSTRUCTION" missed="3" covered="0"/><counter type="LINE" missed="1" covered="0"/><counter type="COMPLEXITY" missed="1" covered="0"/><counter type="METHOD" missed="1" covered="0"/></method><method name="reverseIterator" desc="()Ljava/util/Iterator;" line="1076"><counter type="INSTRUCTION" missed="6" covered="0"/><counter type="LINE" missed="1" covered="0"/><counter type="COMPLEXITY" missed="1" covered="0"/><counter type="METHOD" missed="1" covered="0"/></method><method name="create" desc="(Ljava/lang/Comparable;Lorg/conetex/runtime/instrument/collection/AvlTree$ValueFactory;)Lorg/conetex/runtime/instrument/collection/AvlTree$MapLeafNode;" line="1081"><counter type="INSTRUCTION" missed="7" covered="0"/><counter type="LINE" missed="1" covered="0"/><counter type="COMPLEXITY" missed="1" covered="0"/><counter type="METHOD" missed="1" covered="0"/></method><method name="lambda$reverseIterable$2" desc="()Ljava/util/Iterator;" line="1067"><counter type="INSTRUCTION" missed="6" covered="0"/><counter type="LINE" missed="1" covered="0"/><counter type="COMPLEXITY" missed="1" covered="0"/><counter type="METHOD" missed="1" covered="0"/></method><method name="lambda$insertIntoTree$1" desc="(Ljava/lang/Object;Ljava/lang/Object;)Ljava/lang/Object;" line="1035"><counter type="INSTRUCTION" missed="2" covered="0"/><counter type="LINE" missed="1" covered="0"/><counter type="COMPLEXITY" missed="1" covered="0"/><counter type="METHOD" missed="1" covered="0"/></method><method name="lambda$insertIntoTree$0" desc="(Ljava/lang/Object;)Ljava/lang/Object;" line="1034"><counter type="INSTRUCTION" missed="2" covered="0"/><counter type="LINE" missed="1" covered="0"/><counter type="COMPLEXITY" missed="1" covered="0"/><counter type="METHOD" missed="1" covered="0"/></method><counter type="INSTRUCTION" missed="55" covered="0"/><counter type="BRANCH" missed="4" covered="0"/><counter type="LINE" missed="15" covered="0"/><counter type="COMPLEXITY" missed="12" covered="0"/><counter type="METHOD" missed="10" covered="0"/><counter type="CLASS" missed="1" covered="0"/></class><class name="org/conetex/runtime/instrument/collection/AvlTree$AbstractNode" sourcefilename="AvlTree.java"><method name="&lt;init&gt;" desc="()V" line="83"><counter type="INSTRUCTION" missed="0" covered="3"/><counter type="LINE" missed="0" covered="1"/><counter type="COMPLEXITY" missed="0" covered="1"/><counter type="METHOD" missed="0" covered="1"/></method><counter type="INSTRUCTION" missed="0" covered="3"/><counter type="LINE" missed="0" covered="1"/><counter type="COMPLEXITY" missed="0" covered="1"/><counter type="METHOD" missed="0" covered="1"/><counter type="CLASS" missed="0" covered="1"/></class><class name="org/conetex/runtime/instrument/collection/AvlTree$LinkedListEntry" sourcefilename="AvlTree.java"><method name="&lt;init&gt;" desc="(Lorg/conetex/runtime/instrument/collection/AvlTree$AbstractNode;Lorg/conetex/runtime/instrument/collection/AvlTree$LinkedListEntry;)V" line="1086"><counter type="INSTRUCTION" missed="0" covered="9"/><counter type="LINE" missed="0" covered="1"/><counter type="COMPLEXITY" missed="0" covered="1"/><counter type="METHOD" missed="0" covered="1"/></method><counter type="INSTRUCTION" missed="0" covered="9"/><counter type="LINE" missed="0" covered="1"/><counter type="COMPLEXITY" missed="0" covered="1"/><counter type="METHOD" missed="0" covered="1"/><counter type="CLASS" missed="0" covered="1"/></class><class name="org/conetex/runtime/instrument/collection/AvlTree$MapLeafNode" sourcefilename="AvlTree.java"><method name="&lt;init&gt;" desc="(Ljava/lang/Comparable;Ljava/lang/Object;)V" line="967"><counter type="INSTRUCTION" missed="7" covered="0"/><counter type="LINE" missed="3" covered="0"/><counter type="COMPLEXITY" missed="1" covered="0"/><counter type="METHOD" missed="1" covered="0"/></method><method name="updateValue" desc="(Lorg/conetex/runtime/instrument/collection/AvlTree$ValueUpdate;)V" line="973"><counter type="INSTRUCTION" missed="7" covered="0"/><counter type="LINE" missed="2" covered="0"/><counter type="COMPLEXITY" missed="1" covered="0"/><counter type="METHOD" missed="1" covered="0"/></method><method name="setValue" desc="(Ljava/lang/Object;)V" line="978"><counter type="INSTRUCTION" missed="4" covered="0"/><counter type="LINE" missed="2" covered="0"/><counter type="COMPLEXITY" missed="1" covered="0"/><counter type="METHOD" missed="1" covered="0"/></method><method name="value" desc="()Ljava/lang/Object;" line="983"><counter type="INSTRUCTION" missed="3" covered="0"/><counter type="LINE" missed="1" covered="0"/><counter type="COMPLEXITY" missed="1" covered="0"/><counter type="METHOD" missed="1" covered="0"/></method><method name="change" desc="(Lorg/conetex/runtime/instrument/collection/AvlTree$AbstractNode;Lorg/conetex/runtime/instrument/collection/AvlTree$AbstractNode;)Lorg/conetex/runtime/instrument/collection/AvlTree$AbstractNodeChange;" line="988"><counter type="INSTRUCTION" missed="10" covered="0"/><counter type="LINE" missed="1" covered="0"/><counter type="COMPLEXITY" missed="1" covered="0"/><counter type="METHOD" missed="1" covered="0"/></method><method name="createLeaf" desc="(Ljava/lang/Comparable;Lorg/conetex/runtime/instrument/collection/AvlTree$ValueFactory;)Lorg/conetex/runtime/instrument/collection/AvlTree$MapLeafNode;" line="993"><counter type="INSTRUCTION" missed="7" covered="0"/><counter type="LINE" missed="1" covered="0"/><counter type="COMPLEXITY" missed="1" covered="0"/><counter type="METHOD" missed="1" covered="0"/></method><counter type="INSTRUCTION" missed="38" covered="0"/><counter type="LINE" missed="10" covered="0"/><counter type="COMPLEXITY" missed="6" covered="0"/><counter type="METHOD" missed="6" covered="0"/><counter type="CLASS" missed="1" covered="0"/></class><class name="org/conetex/runtime/instrument/collection/AvlTree$AbstractBalancedNode" sourcefilename="AvlTree.java"><method name="&lt;init&gt;" desc="(Lorg/conetex/runtime/instrument/collection/AvlTree$AbstractNode;Ljava/lang/Comparable;Lorg/conetex/runtime/instrument/collection/AvlTree$AbstractNode;)V" line="135"><counter type="INSTRUCTION" missed="0" covered="19"/><counter type="LINE" missed="0" covered="6"/><counter type="COMPLEXITY" missed="0" covered="1"/><counter type="METHOD" missed="0" covered="1"/></method><method name="&lt;init&gt;" desc="(Lorg/conetex/runtime/instrument/collection/AvlTree$AbstractNode;Ljava/lang/Comparable;Lorg/conetex/runtime/instrument/collection/AvlTree$AbstractNode;I)V" line="142"><counter type="INSTRUCTION" missed="0" covered="15"/><counter type="LINE" missed="0" covered="6"/><counter type="COMPLEXITY" missed="0" covered="1"/><counter type="METHOD" missed="0" covered="1"/></method><method name="height" desc="()I" line="151"><counter type="INSTRUCTION" missed="0" covered="3"/><counter type="LINE" missed="0" covered="1"/><counter type="COMPLEXITY" missed="0" covered="1"/><counter type="METHOD" missed="0" covered="1"/></method><method name="calculateHeight" desc="(Lorg/conetex/runtime/instrument/collection/AvlTree$AbstractNode;Lorg/conetex/runtime/instrument/collection/AvlTree$AbstractNode;)I" line="155"><counter type="INSTRUCTION" missed="4" covered="31"/><counter type="BRANCH" missed="1" covered="7"/><counter type="LINE" missed="1" covered="10"/><counter type="COMPLEXITY" missed="1" covered="4"/><counter type="METHOD" missed="0" covered="1"/></method><method name="key" desc="()Ljava/lang/Comparable;" line="187"><counter type="INSTRUCTION" missed="0" covered="3"/><counter type="LINE" missed="0" covered="1"/><counter type="COMPLEXITY" missed="0" covered="1"/><counter type="METHOD" missed="0" covered="1"/></method><method name="left" desc="()Lorg/conetex/runtime/instrument/collection/AvlTree$AbstractNode;" line="192"><counter type="INSTRUCTION" missed="0" covered="3"/><counter type="LINE" missed="0" covered="1"/><counter type="COMPLEXITY" missed="0" covered="1"/><counter type="METHOD" missed="0" covered="1"/></method><method name="right" desc="()Lorg/conetex/runtime/instrument/collection/AvlTree$AbstractNode;" line="197"><counter type="INSTRUCTION" missed="0" covered="3"/><counter type="LINE" missed="0" covered="1"/><counter type="COMPLEXITY" missed="0" covered="1"/><counter type="METHOD" missed="0" covered="1"/></method><method name="find" desc="(Ljava/lang/Comparable;)Lorg/conetex/runtime/instrument/collection/AvlTree$AbstractNode;" line="202"><counter type="INSTRUCTION" missed="31" covered="0"/><counter type="BRANCH" missed="8" covered="0"/><counter type="LINE" missed="10" covered="0"/><counter type="COMPLEXITY" missed="5" covered="0"/><counter type="METHOD" missed="1" covered="0"/></method><method name="delete" desc="(Ljava/lang/Comparable;)Lorg/conetex/runtime/instrument/collection/AvlTree$AbstractNodeChange;" line="226"><counter type="INSTRUCTION" missed="66" covered="207"/><counter type="BRANCH" missed="20" covered="30"/><counter type="LINE" missed="11" covered="44"/><counter type="COMPLEXITY" missed="14" covered="12"/><counter type="METHOD" missed="0" covered="1"/></method><method name="insert" desc="(Ljava/lang/Comparable;Lorg/conetex/runtime/instrument/collection/AvlTree$ValueFactory;Lorg/conetex/runtime/instrument/collection/AvlTree$ValueUpdate;)Lorg/conetex/runtime/instrument/collection/AvlTree$AbstractNodeChange;" line="341"><counter type="INSTRUCTION" missed="21" covered="186"/><counter type="BRANCH" missed="8" covered="28"/><counter type="LINE" missed="3" covered="40"/><counter type="COMPLEXITY" missed="6" covered="13"/><counter type="METHOD" missed="0" covered="1"/></method><method name="rotateRightNew" desc="(Lorg/conetex/runtime/instrument/collection/AvlTree$AbstractNodeChange;)Lorg/conetex/runtime/instrument/collection/AvlTree$AbstractNodeChange;" line="426"><counter type="INSTRUCTION" missed="0" covered="17"/><counter type="LINE" missed="0" covered="3"/><counter type="COMPLEXITY" missed="0" covered="1"/><counter type="METHOD" missed="0" covered="1"/></method><method name="rotateRightNew" desc="(Lorg/conetex/runtime/instrument/collection/AvlTree$AbstractBalancedNode;)Lorg/conetex/runtime/instrument/collection/AvlTree$AbstractNodeChange;" line="435"><counter type="INSTRUCTION" missed="13" covered="0"/><counter type="LINE" missed="2" covered="0"/><counter type="COMPLEXITY" missed="1" covered="0"/><counter type="METHOD" missed="1" covered="0"/></method><method name="rotateLeftNew" desc="(Lorg/conetex/runtime/instrument/collection/AvlTree$AbstractNodeChange;)Lorg/conetex/runtime/instrument/collection/AvlTree$AbstractNodeChange;" line="444"><counter type="INSTRUCTION" missed="0" covered="17"/><counter type="LINE" missed="0" covered="3"/><counter type="COMPLEXITY" missed="0" covered="1"/><counter type="METHOD" missed="0" covered="1"/></method><method name="rotateLeftNew" desc="(Lorg/conetex/runtime/instrument/collection/AvlTree$AbstractBalancedNode;)Lorg/conetex/runtime/instrument/collection/AvlTree$AbstractNodeChange;" line="452"><counter type="INSTRUCTION" missed="13" covered="0"/><counter type="LINE" missed="2" covered="0"/><counter type="COMPLEXITY" missed="1" covered="0"/><counter type="METHOD" missed="1" covered="0"/></method><method name="rotateLeftRightNew" desc="(Lorg/conetex/runtime/instrument/collection/AvlTree$AbstractNodeChange;)Lorg/conetex/runtime/instrument/collection/AvlTree$AbstractNodeChange;" line="460"><counter type="INSTRUCTION" missed="0" covered="26"/><counter type="LINE" missed="0" covered="6"/><counter type="COMPLEXITY" missed="0" covered="1"/><counter type="METHOD" missed="0" covered="1"/></method><method name="rotateLeftRightNew" desc="(Lorg/conetex/runtime/instrument/collection/AvlTree$AbstractBalancedNode;)Lorg/conetex/runtime/instrument/collection/AvlTree$AbstractNodeChange;" line="472"><counter type="INSTRUCTION" missed="18" covered="0"/><counter type="LINE" missed="3" covered="0"/><counter type="COMPLEXITY" missed="1" covered="0"/><counter type="METHOD" missed="1" covered="0"/></method><method name="rotateRightLeftNew" desc="(Lorg/conetex/runtime/instrument/collection/AvlTree$AbstractNodeChange;)Lorg/conetex/runtime/instrument/collection/AvlTree$AbstractNodeChange;" line="481"><counter type="INSTRUCTION" missed="0" covered="26"/><counter type="LINE" missed="0" covered="6"/><counter type="COMPLEXITY" missed="0" covered="1"/><counter type="METHOD" missed="0" covered="1"/></method><method name="rotateRightLeftNew" desc="(Lorg/conetex/runtime/instrument/collection/AvlTree$AbstractBalancedNode;)Lorg/conetex/runtime/instrument/collection/AvlTree$AbstractNodeChange;" line="493"><counter type="INSTRUCTION" missed="18" covered="0"/><counter type="LINE" missed="3" covered="0"/><counter type="COMPLEXITY" missed="1" covered="0"/><counter type="METHOD" missed="1" covered="0"/></method><counter type="INSTRUCTION" missed="184" covered="556"/><counter type="BRANCH" missed="37" covered="65"/><counter type="LINE" missed="35" covered="128"/><counter type="COMPLEXITY" missed="30" covered="39"/><counter type="METHOD" missed="5" covered="13"/><counter type="CLASS" missed="0" covered="1"/></class><class name="org/conetex/runtime/instrument/collection/AvlTree$Set" sourcefilename="AvlTree.java"><method name="&lt;init&gt;" desc="()V" line="845"><counter type="INSTRUCTION" missed="0" covered="3"/><counter type="LINE" missed="0" covered="1"/><counter type="COMPLEXITY" missed="0" covered="1"/><counter type="METHOD" missed="0" covered="1"/></method><method name="insertIntoTree" desc="(Ljava/lang/Comparable;)V" line="854"><counter type="INSTRUCTION" missed="0" covered="10"/><counter type="BRANCH" missed="0" covered="2"/><counter type="LINE" missed="0" covered="4"/><counter type="COMPLEXITY" missed="0" covered="2"/><counter type="METHOD" missed="0" covered="1"/></method><method name="iterator" desc="()Ljava/util/Iterator;" line="872"><counter type="INSTRUCTION" missed="0" covered="6"/><counter type="LINE" missed="0" covered="1"/><counter type="COMPLEXITY" missed="0" covered="1"/><counter type="METHOD" missed="0" covered="1"/></method><method name="reverseIterable" desc="()Ljava/lang/Iterable;" line="881"><counter type="INSTRUCTION" missed="0" covered="3"/><counter type="LINE" missed="0" covered="1"/><counter type="COMPLEXITY" missed="0" covered="1"/><counter type="METHOD" missed="0" covered="1"/></method><method name="reverseIterator" desc="()Ljava/util/Iterator;" line="890"><counter type="INSTRUCTION" missed="0" covered="6"/><counter type="LINE" missed="0" covered="1"/><counter type="COMPLEXITY" missed="0" covered="1"/><counter type="METHOD" missed="0" covered="1"/></method><method name="create" desc="(Ljava/lang/Comparable;Lorg/conetex/runtime/instrument/collection/AvlTree$ValueFactory;)Lorg/conetex/runtime/instrument/collection/AvlTree$SetLeafNode;" line="895"><counter type="INSTRUCTION" missed="0" covered="5"/><counter type="LINE" missed="0" covered="1"/><counter type="COMPLEXITY" missed="0" covered="1"/><counter type="METHOD" missed="0" covered="1"/></method><method name="lambda$reverseIterable$2" desc="()Ljava/util/Iterator;" line="881"><counter type="INSTRUCTION" missed="0" covered="6"/><counter type="LINE" missed="0" covered="1"/><counter type="COMPLEXITY" missed="0" covered="1"/><counter type="METHOD" missed="0" covered="1"/></method><method name="lambda$insertIntoTree$1" desc="(Ljava/lang/Comparable;)Ljava/lang/Comparable;" line="861"><counter type="INSTRUCTION" missed="2" covered="0"/><counter type="LINE" missed="1" covered="0"/><counter type="COMPLEXITY" missed="1" covered="0"/><counter type="METHOD" missed="1" covered="0"/></method><method name="lambda$insertIntoTree$0" desc="(Ljava/lang/Comparable;)Ljava/lang/Comparable;" line="860"><counter type="INSTRUCTION" missed="2" covered="0"/><counter type="LINE" missed="1" covered="0"/><counter type="COMPLEXITY" missed="1" covered="0"/><counter type="METHOD" missed="1" covered="0"/></method><counter type="INSTRUCTION" missed="4" covered="39"/><counter type="BRANCH" missed="0" covered="2"/><counter type="LINE" missed="2" covered="9"/><counter type="COMPLEXITY" missed="2" covered="8"/><counter type="METHOD" missed="2" covered="7"/><counter type="CLASS" missed="0" covered="1"/></class><class name="org/conetex/runtime/instrument/collection/AvlTree$AbstractLeafNode" sourcefilename="AvlTree.java"><method name="&lt;init&gt;" desc="(Ljava/lang/Comparable;)V" line="506"><counter type="INSTRUCTION" missed="0" covered="6"/><counter type="LINE" missed="0" covered="3"/><counter type="COMPLEXITY" missed="0" covered="1"/><counter type="METHOD" missed="0" covered="1"/></method><method name="insert" desc="(Ljava/lang/Comparable;Lorg/conetex/runtime/instrument/collection/AvlTree$ValueFactory;Lorg/conetex/runtime/instrument/collection/AvlTree$ValueUpdate;)Lorg/conetex/runtime/instrument/collection/AvlTree$AbstractNodeChange;" line="513"><counter type="INSTRUCTION" missed="7" covered="33"/><counter type="BRANCH" missed="1" covered="3"/><counter type="LINE" missed="2" covered="6"/><counter type="COMPLEXITY" missed="1" covered="2"/><counter type="METHOD" missed="0" covered="1"/></method><method name="find" desc="(Ljava/lang/Comparable;)Lorg/conetex/runtime/instrument/collection/AvlTree$AbstractNode;" line="541"><counter type="INSTRUCTION" missed="9" covered="0"/><counter type="BRANCH" missed="2" covered="0"/><counter type="LINE" missed="3" covered="0"/><counter type="COMPLEXITY" missed="2" covered="0"/><counter type="METHOD" missed="1" covered="0"/></method><method name="delete" desc="(Ljava/lang/Comparable;)Lorg/conetex/runtime/instrument/collection/AvlTree$AbstractNodeChange;" line="549"><counter type="INSTRUCTION" missed="2" covered="9"/><counter type="BRANCH" missed="1" covered="1"/><counter type="LINE" missed="1" covered="2"/><counter type="COMPLEXITY" missed="1" covered="1"/><counter type="METHOD" missed="0" covered="1"/></method><method name="left" desc="()Lorg/conetex/runtime/instrument/collection/AvlTree$AbstractNode;" line="559"><counter type="INSTRUCTION" missed="0" covered="2"/><counter type="LINE" missed="0" covered="1"/><counter type="COMPLEXITY" missed="0" covered="1"/><counter type="METHOD" missed="0" covered="1"/></method><method name="right" desc="()Lorg/conetex/runtime/instrument/collection/AvlTree$AbstractNode;" line="564"><counter type="INSTRUCTION" missed="0" covered="2"/><counter type="LINE" missed="0" covered="1"/><counter type="COMPLEXITY" missed="0" covered="1"/><counter type="METHOD" missed="0" covered="1"/></method><method name="height" desc="()I" line="569"><counter type="INSTRUCTION" missed="0" covered="2"/><counter type="LINE" missed="0" covered="1"/><counter type="COMPLEXITY" missed="0" covered="1"/><counter type="METHOD" missed="0" covered="1"/></method><method name="key" desc="()Ljava/lang/Comparable;" line="574"><counter type="INSTRUCTION" missed="0" covered="3"/><counter type="LINE" missed="0" covered="1"/><counter type="COMPLEXITY" missed="0" covered="1"/><counter type="METHOD" missed="0" covered="1"/></method><counter type="INSTRUCTION" missed="18" covered="57"/><counter type="BRANCH" missed="4" covered="4"/><counter type="LINE" missed="6" covered="15"/><counter type="COMPLEXITY" missed="4" covered="8"/><counter type="METHOD" missed="1" covered="7"/><counter type="CLASS" missed="0" covered="1"/></class><class name="org/conetex/runtime/instrument/collection/AvlTree$SetIterator" sourcefilename="AvlTree.java"><method name="&lt;init&gt;" desc="(Lorg/conetex/runtime/instrument/collection/AvlTree$AbstractNode;)V" line="1207"><counter type="INSTRUCTION" missed="0" covered="4"/><counter type="LINE" missed="0" covered="2"/><counter type="COMPLEXITY" missed="0" covered="1"/><counter type="METHOD" missed="0" covered="1"/></method><method name="next" desc="()Ljava/lang/Comparable;" line="1217"><counter type="INSTRUCTION" missed="0" covered="6"/><counter type="LINE" missed="0" covered="2"/><counter type="COMPLEXITY" missed="0" covered="1"/><counter type="METHOD" missed="0" covered="1"/></method><counter type="INSTRUCTION" missed="0" covered="10"/><counter type="LINE" missed="0" covered="4"/><counter type="COMPLEXITY" missed="0" covered="2"/><counter type="METHOD" missed="0" covered="2"/><counter type="CLASS" missed="0" covered="1"/></class><class name="org/conetex/runtime/instrument/collection/AvlTree$MapNode" sourcefilename="AvlTree.java"><method name="&lt;init&gt;" desc="(Lorg/conetex/runtime/instrument/collection/AvlTree$AbstractNode;Ljava/lang/Comparable;Ljava/lang/Object;Lorg/conetex/runtime/instrument/collection/AvlTree$AbstractNode;)V" line="921"><counter type="INSTRUCTION" missed="9" covered="0"/><counter type="LINE" missed="3" covered="0"/><counter type="COMPLEXITY" missed="1" covered="0"/><counter type="METHOD" missed="1" covered="0"/></method><method name="&lt;init&gt;" desc="(Lorg/conetex/runtime/instrument/collection/AvlTree$AbstractNode;Ljava/lang/Comparable;Ljava/lang/Object;Lorg/conetex/runtime/instrument/collection/AvlTree$AbstractNode;I)V" line="926"><counter type="INSTRUCTION" missed="10" covered="0"/><counter type="LINE" missed="3" covered="0"/><counter type="COMPLEXITY" missed="1" covered="0"/><counter type="METHOD" missed="1" covered="0"/></method><method name="updateValue" desc="(Lorg/conetex/runtime/instrument/collection/AvlTree$ValueUpdate;)V" line="932"><counter type="INSTRUCTION" missed="7" covered="0"/><counter type="LINE" missed="2" covered="0"/><counter type="COMPLEXITY" missed="1" covered="0"/><counter type="METHOD" missed="1" covered="0"/></method><method name="setValue" desc="(Ljava/lang/Object;)V" line="937"><counter type="INSTRUCTION" missed="4" covered="0"/><counter type="LINE" missed="2" covered="0"/><counter type="COMPLEXITY" missed="1" covered="0"/><counter type="METHOD" missed="1" covered="0"/></method><method name="value" desc="()Ljava/lang/Object;" line="942"><counter type="INSTRUCTION" missed="3" covered="0"/><counter type="LINE" missed="1" covered="0"/><counter type="COMPLEXITY" missed="1" covered="0"/><counter type="METHOD" missed="1" covered="0"/></method><method name="change" desc="(Lorg/conetex/runtime/instrument/collection/AvlTree$AbstractNode;Lorg/conetex/runtime/instrument/collection/AvlTree$AbstractNode;)Lorg/conetex/runtime/instrument/collection/AvlTree$AbstractNodeChange;" line="947"><counter type="INSTRUCTION" missed="10" covered="0"/><counter type="LINE" missed="1" covered="0"/><counter type="COMPLEXITY" missed="1" covered="0"/><counter type="METHOD" missed="1" covered="0"/></method><method name="createLeaf" desc="(Ljava/lang/Comparable;Lorg/conetex/runtime/instrument/collection/AvlTree$ValueFactory;)Lorg/conetex/runtime/instrument/collection/AvlTree$MapLeafNode;" line="952"><counter type="INSTRUCTION" missed="7" covered="0"/><counter type="LINE" missed="1" covered="0"/><counter type="COMPLEXITY" missed="1" covered="0"/><counter type="METHOD" missed="1" covered="0"/></method><method name="create" desc="(Lorg/conetex/runtime/instrument/collection/AvlTree$AbstractNode;Lorg/conetex/runtime/instrument/collection/AvlTree$AbstractNode;)Lorg/conetex/runtime/instrument/collection/AvlTree$AbstractBalancedNode;" line="957"><counter type="INSTRUCTION" missed="10" covered="0"/><counter type="LINE" missed="1" covered="0"/><counter type="COMPLEXITY" missed="1" covered="0"/><counter type="METHOD" missed="1" covered="0"/></method><counter type="INSTRUCTION" missed="60" covered="0"/><counter type="LINE" missed="14" covered="0"/><counter type="COMPLEXITY" missed="8" covered="0"/><counter type="METHOD" missed="8" covered="0"/><counter type="CLASS" missed="1" covered="0"/></class><class name="org/conetex/runtime/instrument/collection/AvlTree$AbstractBalancedNode$1" sourcefilename="AvlTree.java"><method name="&lt;init&gt;" desc="(Lorg/conetex/runtime/instrument/collection/AvlTree$AbstractBalancedNode;Lorg/conetex/runtime/instrument/collection/AvlTree$AbstractNode;Ljava/lang/Comparable;Lorg/conetex/runtime/instrument/collection/AvlTree$AbstractNode;)V" line="273"><counter type="INSTRUCTION" missed="0" covered="9"/><counter type="LINE" missed="0" covered="1"/><counter type="COMPLEXITY" missed="0" covered="1"/><counter type="METHOD" missed="0" covered="1"/></method><method name="implement" desc="()Lorg/conetex/runtime/instrument/collection/AvlTree$AbstractNode;" line="276"><counter type="INSTRUCTION" missed="0" covered="4"/><counter type="LINE" missed="0" covered="1"/><counter type="COMPLEXITY" missed="0" covered="1"/><counter type="METHOD" missed="0" covered="1"/></method><counter type="INSTRUCTION" missed="0" covered="13"/><counter type="LINE" missed="0" covered="2"/><counter type="COMPLEXITY" missed="0" covered="2"/><counter type="METHOD" missed="0" covered="2"/><counter type="CLASS" missed="0" covered="1"/></class><class name="org/conetex/runtime/instrument/collection/AvlTree$ReverseNodeIterator" sourcefilename="AvlTree.java"><method name="&lt;init&gt;" desc="(Lorg/conetex/runtime/instrument/collection/AvlTree$AbstractNode;)V" line="1159"><counter type="INSTRUCTION" missed="0" covered="6"/><counter type="LINE" missed="0" covered="3"/><counter type="COMPLEXITY" missed="0" covered="1"/><counter type="METHOD" missed="0" covered="1"/></method><method name="pushRight" desc="(Lorg/conetex/runtime/instrument/collection/AvlTree$AbstractNode;)V" line="1164"><counter type="INSTRUCTION" missed="0" covered="15"/><counter type="BRANCH" missed="0" covered="2"/><counter type="LINE" missed="0" covered="4"/><counter type="COMPLEXITY" missed="0" covered="2"/><counter type="METHOD" missed="0" covered="1"/></method><method name="nextNode" desc="()Lorg/conetex/runtime/instrument/collection/AvlTree$AbstractNode;" line="1187"><counter type="INSTRUCTION" missed="2" covered="18"/><counter type="BRANCH" missed="1" covered="1"/><counter type="LINE" missed="1" covered="5"/><counter type="COMPLEXITY" missed="1" covered="1"/><counter type="METHOD" missed="0" covered="1"/></method><counter type="INSTRUCTION" missed="2" covered="39"/><counter type="BRANCH" missed="1" covered="3"/><counter type="LINE" missed="1" covered="12"/><counter type="COMPLEXITY" missed="1" covered="4"/><counter type="METHOD" missed="0" covered="3"/><counter type="CLASS" missed="0" covered="1"/></class><sourcefile name="AvlTree.java"><line nr="83" mi="0" ci="3" mb="0" cb="0"/><line nr="118" mi="0" ci="2" mb="0" cb="0"/><line nr="119" mi="0" ci="3" mb="0" cb="0"/><line nr="120" mi="0" ci="3" mb="0" cb="0"/><line nr="121" mi="0" ci="3" mb="0" cb="0"/><line nr="122" mi="0" ci="7" mb="0" cb="0"/><line nr="123" mi="0" ci="1" mb="0" cb="0"/><line nr="135" mi="0" ci="2" mb="0" cb="0"/><line nr="136" mi="0" ci="3" mb="0" cb="0"/><line nr="137" mi="0" ci="3" mb="0" cb="0"/><line nr="138" mi="0" ci="3" mb="0" cb="0"/><line nr="139" mi="0" ci="7" mb="0" cb="0"/><line nr="140" mi="0" ci="1" mb="0" cb="0"/><line nr="142" mi="0" ci="2" mb="0" cb="0"/><line nr="143" mi="0" ci="3" mb="0" cb="0"/><line nr="144" mi="0" ci="3" mb="0" cb="0"/><line nr="145" mi="0" ci="3" mb="0" cb="0"/><line nr="146" mi="0" ci="3" mb="0" cb="0"/><line nr="147" mi="0" ci="1" mb="0" cb="0"/><line nr="151" mi="0" ci="3" mb="0" cb="0"/><line nr="155" mi="0" ci="2" mb="0" cb="2"/><line nr="156" mi="0" ci="2" mb="0" cb="2"/><line nr="157" mi="0" ci="2" mb="0" cb="0"/><line nr="160" mi="0" ci="5" mb="0" cb="0"/><line nr="164" mi="0" ci="2" mb="0" cb="2"/><line nr="165" mi="0" ci="5" mb="0" cb="0"/><line nr="168" mi="0" ci="3" mb="0" cb="0"/><line nr="169" mi="0" ci="3" mb="0" cb="0"/><line nr="170" mi="0" ci="3" mb="1" cb="1"/><line nr="171" mi="4" ci="0" mb="0" cb="0"/><line nr="174" mi="0" ci="4" mb="0" cb="0"/><line nr="187" mi="0" ci="3" mb="0" cb="0"/><line nr="192" mi="0" ci="3" mb="0" cb="0"/><line nr="197" mi="0" ci="3" mb="0" cb="0"/><line nr="202" mi="5" ci="0" mb="0" cb="0"/><line nr="203" mi="2" ci="0" mb="2" cb="0"/><line nr="205" mi="3" ci="0" mb="2" cb="0"/><line nr="206" mi="2" ci="0" mb="0" cb="0"/><line nr="209" mi="5" ci="0" mb="0" cb="0"/><line nr="212" mi="2" ci="0" mb="2" cb="0"/><line nr="214" mi="3" ci="0" mb="2" cb="0"/><line nr="215" mi="2" ci="0" mb="0" cb="0"/><line nr="218" mi="5" ci="0" mb="0" cb="0"/><line nr="221" mi="2" ci="0" mb="0" cb="0"/><line nr="226" mi="0" ci="5" mb="0" cb="0"/><line nr="228" mi="0" ci="2" mb="0" cb="2"/><line nr="232" mi="0" ci="4" mb="0" cb="0"/><line nr="233" mi="0" ci="3" mb="1" cb="1"/><line nr="234" mi="4" ci="0" mb="0" cb="0"/><line nr="236" mi="0" ci="3" mb="0" cb="0"/><line nr="237" mi="0" ci="3" mb="0" cb="0"/><line nr="238" mi="0" ci="4" mb="0" cb="0"/><line nr="239" mi="0" ci="4" mb="0" cb="0"/><line nr="240" mi="0" ci="4" mb="1" cb="1"/><line nr="241" mi="0" ci="2" mb="0" cb="2"/><line nr="242" mi="0" ci="4" mb="0" cb="0"/><line nr="244" mi="0" ci="4" mb="0" cb="0"/><line nr="245" mi="0" ci="19" mb="2" cb="4"/><line nr="247" mi="17" ci="0" mb="6" cb="0"/><line nr="250" mi="6" ci="0" mb="0" cb="0"/><line nr="254" mi="6" ci="0" mb="0" cb="0"/><line nr="257" mi="0" ci="7" mb="0" cb="0"/><line nr="258" mi="0" ci="4" mb="0" cb="0"/><line nr="260" mi="3" ci="0" mb="0" cb="0"/><line nr="261" mi="1" ci="0" mb="0" cb="0"/><line nr="264" mi="0" ci="2" mb="0" cb="2"/><line nr="266" mi="0" ci="4" mb="0" cb="0"/><line nr="267" mi="0" ci="6" mb="0" cb="4"/><line nr="269" mi="0" ci="6" mb="0" cb="0"/><line nr="271" mi="0" ci="3" mb="0" cb="2"/><line nr="273" mi="0" ci="19" mb="0" cb="0"/><line nr="276" mi="0" ci="4" mb="0" cb="0"/><line nr="280" mi="0" ci="3" mb="0" cb="2"/><line nr="282" mi="0" ci="8" mb="0" cb="0"/><line nr="285" mi="0" ci="3" mb="0" cb="0"/><line nr="286" mi="0" ci="3" mb="0" cb="2"/><line nr="287" mi="0" ci="4" mb="0" cb="0"/><line nr="290" mi="0" ci="4" mb="0" cb="0"/><line nr="291" mi="0" ci="4" mb="0" cb="0"/><line nr="293" mi="0" ci="3" mb="0" cb="0"/><line nr="294" mi="0" ci="3" mb="0" cb="0"/><line nr="300" mi="0" ci="4" mb="0" cb="0"/><line nr="301" mi="0" ci="3" mb="0" cb="2"/><line nr="302" mi="0" ci="4" mb="0" cb="0"/><line nr="304" mi="0" ci="3" mb="0" cb="0"/><line nr="305" mi="0" ci="3" mb="0" cb="0"/><line nr="306" mi="0" ci="4" mb="0" cb="0"/><line nr="307" mi="0" ci="4" mb="0" cb="0"/><line nr="308" mi="0" ci="4" mb="1" cb="1"/><line nr="309" mi="0" ci="2" mb="0" cb="2"/><line nr="310" mi="0" ci="4" mb="0" cb="0"/><line nr="312" mi="0" ci="4" mb="0" cb="0"/><line nr="313" mi="0" ci="19" mb="3" cb="3"/><line nr="315" mi="13" ci="0" mb="6" cb="0"/><line nr="318" mi="6" ci="0" mb="0" cb="0"/><line nr="322" mi="6" ci="0" mb="0" cb="0"/><line nr="325" mi="0" ci="7" mb="0" cb="0"/><line nr="326" mi="0" ci="4" mb="0" cb="0"/><line nr="328" mi="3" ci="0" mb="0" cb="0"/><line nr="329" mi="1" ci="0" mb="0" cb="0"/><line nr="341" mi="0" ci="5" mb="0" cb="0"/><line nr="342" mi="0" ci="2" mb="0" cb="2"/><line nr="345" mi="0" ci="4" mb="0" cb="0"/><line nr="346" mi="0" ci="3" mb="0" cb="2"/><line nr="348" mi="0" ci="11" mb="0" cb="0"/><line nr="350" mi="0" ci="3" mb="0" cb="0"/><line nr="351" mi="0" ci="3" mb="0" cb="0"/><line nr="352" mi="0" ci="6" mb="0" cb="0"/><line nr="353" mi="0" ci="4" mb="0" cb="0"/><line nr="354" mi="0" ci="4" mb="1" cb="1"/><line nr="356" mi="3" ci="0" mb="0" cb="0"/><line nr="359" mi="0" ci="2" mb="0" cb="2"/><line nr="360" mi="0" ci="4" mb="0" cb="0"/><line nr="362" mi="0" ci="4" mb="0" cb="0"/><line nr="363" mi="0" ci="9" mb="0" cb="4"/><line nr="365" mi="7" ci="6" mb="3" cb="3"/><line nr="367" mi="0" ci="6" mb="0" cb="0"/><line nr="370" mi="0" ci="6" mb="0" cb="0"/><line nr="372" mi="0" ci="4" mb="0" cb="0"/><line nr="373" mi="0" ci="4" mb="0" cb="0"/><line nr="378" mi="0" ci="2" mb="0" cb="2"/><line nr="381" mi="0" ci="4" mb="0" cb="0"/><line nr="382" mi="0" ci="3" mb="0" cb="2"/><line nr="383" mi="0" ci="11" mb="0" cb="0"/><line nr="385" mi="0" ci="3" mb="0" cb="0"/><line nr="386" mi="0" ci="3" mb="0" cb="0"/><line nr="387" mi="0" ci="6" mb="0" cb="0"/><line nr="388" mi="0" ci="4" mb="0" cb="0"/><line nr="389" mi="0" ci="4" mb="1" cb="1"/><line nr="391" mi="0" ci="2" mb="0" cb="2"/><line nr="392" mi="0" ci="4" mb="0" cb="0"/><line nr="394" mi="0" ci="4" mb="0" cb="0"/><line nr="395" mi="0" ci="9" mb="0" cb="4"/><line nr="397" mi="7" ci="6" mb="3" cb="3"/><line nr="399" mi="0" ci="6" mb="0" cb="0"/><line nr="402" mi="0" ci="6" mb="0" cb="0"/><line nr="404" mi="0" ci="4" mb="0" cb="0"/><line nr="405" mi="0" ci="4" mb="0" cb="0"/><line nr="407" mi="3" ci="0" mb="0" cb="0"/><line nr="408" mi="1" ci="0" mb="0" cb="0"/><line nr="411" mi="0" ci="4" mb="0" cb="0"/><line nr="412" mi="0" ci="3" mb="0" cb="0"/><line nr="413" mi="0" ci="4" mb="0" cb="0"/><line nr="426" mi="0" ci="8" mb="0" cb="0"/><line nr="428" mi="0" ci="7" mb="0" cb="0"/><line nr="429" mi="0" ci="2" mb="0" cb="0"/><line nr="435" mi="7" ci="0" mb="0" cb="0"/><line nr="437" mi="6" ci="0" mb="0" cb="0"/><line nr="444" mi="0" ci="8" mb="0" cb="0"/><line nr="445" mi="0" ci="7" mb="0" cb="0"/><line nr="446" mi="0" ci="2" mb="0" cb="0"/><line nr="452" mi="7" ci="0" mb="0" cb="0"/><line nr="454" mi="6" ci="0" mb="0" cb="0"/><line nr="460" mi="0" ci="3" mb="0" cb="0"/><line nr="461" mi="0" ci="5" mb="0" cb="0"/><line nr="462" mi="0" ci="7" mb="0" cb="0"/><line nr="463" mi="0" ci="4" mb="0" cb="0"/><line nr="464" mi="0" ci="3" mb="0" cb="0"/><line nr="465" mi="0" ci="4" mb="0" cb="0"/><line nr="472" mi="9" ci="0" mb="0" cb="0"/><line nr="473" mi="5" ci="0" mb="0" cb="0"/><line nr="474" mi="4" ci="0" mb="0" cb="0"/><line nr="481" mi="0" ci="3" mb="0" cb="0"/><line nr="482" mi="0" ci="5" mb="0" cb="0"/><line nr="483" mi="0" ci="7" mb="0" cb="0"/><line nr="484" mi="0" ci="7" mb="0" cb="0"/><line nr="485" mi="0" ci="3" mb="0" cb="0"/><line nr="486" mi="0" ci="1" mb="0" cb="0"/><line nr="493" mi="9" ci="0" mb="0" cb="0"/><line nr="494" mi="5" ci="0" mb="0" cb="0"/><line nr="495" mi="4" ci="0" mb="0" cb="0"/><line nr="506" mi="0" ci="2" mb="0" cb="0"/><line nr="507" mi="0" ci="3" mb="0" cb="0"/><line nr="508" mi="0" ci="1" mb="0" cb="0"/><line nr="513" mi="0" ci="4" mb="0" cb="0"/><line nr="514" mi="0" ci="5" mb="0" cb="0"/><line nr="515" mi="0" ci="2" mb="0" cb="2"/><line nr="516" mi="0" ci="10" mb="0" cb="0"/><line nr="518" mi="0" ci="2" mb="1" cb="1"/><line nr="519" mi="0" ci="10" mb="0" cb="0"/><line nr="522" mi="3" ci="0" mb="0" cb="0"/><line nr="523" mi="4" ci="0" mb="0" cb="0"/><line nr="541" mi="5" ci="0" mb="2" cb="0"/><line nr="542" mi="2" ci="0" mb="0" cb="0"/><line nr="544" mi="2" ci="0" mb="0" cb="0"/><line nr="549" mi="0" ci="5" mb="1" cb="1"/><line nr="551" mi="0" ci="4" mb="0" cb="0"/><line nr="554" mi="2" ci="0" mb="0" cb="0"/><line nr="559" mi="0" ci="2" mb="0" cb="0"/><line nr="564" mi="0" ci="2" mb="0" cb="0"/><line nr="569" mi="0" ci="2" mb="0" cb="0"/><line nr="574" mi="0" ci="3" mb="0" cb="0"/><line nr="579" mi="0" ci="2" mb="0" cb="0"/><line nr="581" mi="0" ci="4" mb="0" cb="0"/><line nr="584" mi="0" ci="3" mb="0" cb="0"/><line nr="593" mi="0" ci="4" mb="0" cb="0"/><line nr="594" mi="0" ci="3" mb="0" cb="2"/><line nr="595" mi="0" ci="6" mb="0" cb="0"/><line nr="596" mi="0" ci="3" mb="0" cb="0"/><line nr="598" mi="0" ci="3" mb="0" cb="0"/><line nr="599" mi="0" ci="3" mb="0" cb="0"/><line nr="600" mi="0" ci="6" mb="0" cb="0"/><line nr="601" mi="0" ci="4" mb="0" cb="0"/><line nr="602" mi="0" ci="4" mb="1" cb="1"/><line nr="604" mi="3" ci="0" mb="0" cb="0"/><line nr="607" mi="0" ci="2" mb="0" cb="2"/><line nr="608" mi="0" ci="3" mb="0" cb="0"/><line nr="610" mi="0" ci="4" mb="0" cb="0"/><line nr="611" mi="0" ci="3" mb="0" cb="0"/><line nr="618" mi="0" ci="2" mb="0" cb="2"/><line nr="620" mi="0" ci="1" mb="0" cb="0"/><line nr="624" mi="0" ci="4" mb="0" cb="0"/><line nr="625" mi="0" ci="3" mb="1" cb="1"/><line nr="626" mi="3" ci="0" mb="0" cb="0"/><line nr="628" mi="0" ci="3" mb="0" cb="0"/><line nr="629" mi="0" ci="3" mb="0" cb="0"/><line nr="631" mi="0" ci="4" mb="0" cb="0"/><line nr="632" mi="0" ci="4" mb="0" cb="0"/><line nr="633" mi="0" ci="4" mb="1" cb="1"/><line nr="635" mi="3" ci="0" mb="0" cb="0"/><line nr="637" mi="0" ci="3" mb="0" cb="0"/><line nr="639" mi="0" ci="2" mb="0" cb="2"/><line nr="640" mi="0" ci="1" mb="0" cb="0"/><line nr="642" mi="0" ci="4" mb="0" cb="0"/><line nr="643" mi="0" ci="1" mb="0" cb="0"/><line nr="650" mi="2" ci="0" mb="2" cb="0"/><line nr="652" mi="2" ci="0" mb="0" cb="0"/><line nr="656" mi="4" ci="0" mb="0" cb="0"/><line nr="657" mi="3" ci="0" mb="2" cb="0"/><line nr="658" mi="4" ci="0" mb="0" cb="0"/><line nr="660" mi="3" ci="0" mb="0" cb="0"/><line nr="661" mi="3" ci="0" mb="0" cb="0"/><line nr="663" mi="4" ci="0" mb="0" cb="0"/><line nr="667" mi="4" ci="0" mb="0" cb="0"/><line nr="668" mi="2" ci="0" mb="2" cb="0"/><line nr="669" mi="2" ci="0" mb="0" cb="0"/><line nr="671" mi="3" ci="0" mb="0" cb="0"/><line nr="676" mi="0" ci="2" mb="0" cb="2"/><line nr="677" mi="0" ci="6" mb="0" cb="0"/><line nr="678" mi="0" ci="4" mb="0" cb="0"/><line nr="679" mi="0" ci="4" mb="0" cb="0"/><line nr="681" mi="0" ci="1" mb="0" cb="0"/><line nr="684" mi="0" ci="2" mb="0" cb="2"/><line nr="685" mi="0" ci="4" mb="0" cb="0"/><line nr="686" mi="0" ci="6" mb="0" cb="0"/><line nr="687" mi="0" ci="4" mb="0" cb="0"/><line nr="689" mi="0" ci="1" mb="0" cb="0"/><line nr="692" mi="0" ci="2" mb="0" cb="2"/><line nr="693" mi="0" ci="4" mb="0" cb="0"/><line nr="694" mi="0" ci="6" mb="0" cb="0"/><line nr="695" mi="0" ci="4" mb="0" cb="0"/><line nr="697" mi="0" ci="1" mb="0" cb="0"/><line nr="700" mi="0" ci="2" mb="0" cb="2"/><line nr="701" mi="0" ci="4" mb="0" cb="0"/><line nr="702" mi="0" ci="4" mb="0" cb="0"/><line nr="703" mi="0" ci="6" mb="0" cb="0"/><line nr="705" mi="0" ci="1" mb="0" cb="0"/><line nr="714" mi="0" ci="5" mb="0" cb="0"/><line nr="715" mi="0" ci="3" mb="0" cb="0"/><line nr="716" mi="0" ci="1" mb="0" cb="0"/><line nr="720" mi="0" ci="3" mb="0" cb="0"/><line nr="728" mi="0" ci="5" mb="0" cb="0"/><line nr="729" mi="0" ci="1" mb="0" cb="0"/><line nr="733" mi="0" ci="2" mb="0" cb="0"/><line nr="741" mi="0" ci="5" mb="0" cb="0"/><line nr="742" mi="0" ci="1" mb="0" cb="0"/><line nr="746" mi="0" ci="12" mb="0" cb="0"/><line nr="754" mi="0" ci="5" mb="0" cb="0"/><line nr="755" mi="0" ci="1" mb="0" cb="0"/><line nr="758" mi="0" ci="6" mb="0" cb="0"/><line nr="759" mi="0" ci="1" mb="0" cb="0"/><line nr="764" mi="0" ci="1" mb="0" cb="0"/><line nr="769" mi="0" ci="1" mb="0" cb="0"/><line nr="773" mi="0" ci="8" mb="0" cb="0"/><line nr="778" mi="0" ci="5" mb="0" cb="0"/><line nr="783" mi="0" ci="8" mb="0" cb="0"/><line nr="788" mi="0" ci="3" mb="0" cb="0"/><line nr="796" mi="0" ci="3" mb="0" cb="0"/><line nr="797" mi="0" ci="1" mb="0" cb="0"/><line nr="802" mi="1" ci="0" mb="0" cb="0"/><line nr="807" mi="1" ci="0" mb="0" cb="0"/><line nr="811" mi="0" ci="3" mb="0" cb="0"/><line nr="816" mi="0" ci="8" mb="0" cb="0"/><line nr="821" mi="0" ci="5" mb="0" cb="0"/><line nr="845" mi="0" ci="3" mb="0" cb="0"/><line nr="854" mi="0" ci="2" mb="0" cb="2"/><line nr="856" mi="0" ci="1" mb="0" cb="0"/><line nr="858" mi="0" ci="6" mb="0" cb="0"/><line nr="860" mi="2" ci="0" mb="0" cb="0"/><line nr="861" mi="2" ci="0" mb="0" cb="0"/><line nr="863" mi="0" ci="1" mb="0" cb="0"/><line nr="872" mi="0" ci="6" mb="0" cb="0"/><line nr="881" mi="0" ci="9" mb="0" cb="0"/><line nr="890" mi="0" ci="6" mb="0" cb="0"/><line nr="895" mi="0" ci="5" mb="0" cb="0"/><line nr="905" mi="5" ci="0" mb="0" cb="0"/><line nr="906" mi="3" ci="0" mb="0" cb="0"/><line nr="907" mi="1" ci="0" mb="0" cb="0"/><line nr="911" mi="14" ci="0" mb="0" cb="0"/><line nr="921" mi="5" ci="0" mb="0" cb="0"/><line nr="922" mi="3" ci="0" mb="0" cb="0"/><line nr="923" mi="1" ci="0" mb="0" cb="0"/><line nr="926" mi="6" ci="0" mb="0" cb="0"/><line nr="927" mi="3" ci="0" mb="0" cb="0"/><line nr="928" mi="1" ci="0" mb="0" cb="0"/><line nr="932" mi="6" ci="0" mb="0" cb="0"/><line nr="933" mi="1" ci="0" mb="0" cb="0"/><line nr="937" mi="3" ci="0" mb="0" cb="0"/><line nr="938" mi="1" ci="0" mb="0" cb="0"/><line nr="942" mi="3" ci="0" mb="0" cb="0"/><line nr="947" mi="10" ci="0" mb="0" cb="0"/><line nr="952" mi="7" ci="0" mb="0" cb="0"/><line nr="957" mi="10" ci="0" mb="0" cb="0"/><line nr="967" mi="3" ci="0" mb="0" cb="0"/><line nr="968" mi="3" ci="0" mb="0" cb="0"/><line nr="969" mi="1" ci="0" mb="0" cb="0"/><line nr="973" mi="6" ci="0" mb="0" cb="0"/><line nr="974" mi="1" ci="0" mb="0" cb="0"/><line nr="978" mi="3" ci="0" mb="0" cb="0"/><line nr="979" mi="1" ci="0" mb="0" cb="0"/><line nr="983" mi="3" ci="0" mb="0" cb="0"/><line nr="988" mi="10" ci="0" mb="0" cb="0"/><line nr="993" mi="7" ci="0" mb="0" cb="0"/><line nr="1018" mi="3" ci="0" mb="0" cb="0"/><line nr="1028" mi="2" ci="0" mb="2" cb="0"/><line nr="1030" mi="1" ci="0" mb="0" cb="0"/><line nr="1032" mi="7" ci="0" mb="0" cb="0"/><line nr="1034" mi="2" ci="0" mb="0" cb="0"/><line nr="1035" mi="2" ci="0" mb="0" cb="0"/><line nr="1037" mi="1" ci="0" mb="0" cb="0"/><line nr="1040" mi="2" ci="0" mb="2" cb="0"/><line nr="1042" mi="1" ci="0" mb="0" cb="0"/><line nr="1044" mi="5" ci="0" mb="0" cb="0"/><line nr="1049" mi="1" ci="0" mb="0" cb="0"/><line nr="1058" mi="6" ci="0" mb="0" cb="0"/><line nr="1067" mi="9" ci="0" mb="0" cb="0"/><line nr="1076" mi="6" ci="0" mb="0" cb="0"/><line nr="1081" mi="7" ci="0" mb="0" cb="0"/><line nr="1086" mi="0" ci="9" mb="0" cb="0"/><line nr="1095" mi="0" ci="3" mb="0" cb="0"/><line nr="1110" mi="0" ci="7" mb="0" cb="2"/><line nr="1118" mi="0" ci="2" mb="0" cb="0"/><line nr="1119" mi="0" ci="3" mb="0" cb="0"/><line nr="1120" mi="0" ci="1" mb="0" cb="0"/><line nr="1123" mi="0" ci="2" mb="0" cb="2"/><line nr="1124" mi="0" ci="8" mb="0" cb="0"/><line nr="1125" mi="0" ci="4" mb="0" cb="0"/><line nr="1127" mi="0" ci="1" mb="0" cb="0"/><line nr="1145" mi="0" ci="3" mb="1" cb="1"/><line nr="1146" mi="0" ci="4" mb="0" cb="0"/><line nr="1147" mi="0" ci="5" mb="0" cb="0"/><line nr="1148" mi="0" ci="4" mb="0" cb="0"/><line nr="1149" mi="0" ci="2" mb="0" cb="0"/><line nr="1152" mi="2" ci="0" mb="0" cb="0"/><line nr="1159" mi="0" ci="2" mb="0" cb="0"/><line nr="1160" mi="0" ci="3" mb="0" cb="0"/><line nr="1161" mi="0" ci="1" mb="0" cb="0"/><line nr="1164" mi="0" ci="2" mb="0" cb="2"/><line nr="1165" mi="0" ci="8" mb="0" cb="0"/><line nr="1166" mi="0" ci="4" mb="0" cb="0"/><line nr="1168" mi="0" ci="1" mb="0" cb="0"/><line nr="1187" mi="0" ci="3" mb="1" cb="1"/><line nr="1189" mi="2" ci="0" mb="0" cb="0"/><line nr="1191" mi="0" ci="4" mb="0" cb="0"/><line nr="1192" mi="0" ci="5" mb="0" cb="0"/><line nr="1193" mi="0" ci="4" mb="0" cb="0"/><line nr="1194" mi="0" ci="2" mb="0" cb="0"/><line nr="1207" mi="0" ci="3" mb="0" cb="0"/><line nr="1208" mi="0" ci="1" mb="0" cb="0"/><line nr="1217" mi="0" ci="3" mb="0" cb="0"/><line nr="1218" mi="0" ci="3" mb="0" cb="0"/><line nr="1230" mi="0" ci="3" mb="0" cb="0"/><line nr="1231" mi="0" ci="1" mb="0" cb="0"/><line nr="1240" mi="0" ci="3" mb="0" cb="0"/><line nr="1241" mi="0" ci="3" mb="0" cb="0"/><line nr="1254" mi="3" ci="0" mb="0" cb="0"/><line nr="1255" mi="1" ci="0" mb="0" cb="0"/><line nr="1264" mi="3" ci="0" mb="0" cb="0"/><line nr="1277" mi="3" ci="0" mb="0" cb="0"/><line nr="1278" mi="1" ci="0" mb="0" cb="0"/><line nr="1287" mi="3" ci="0" mb="0" cb="0"/><counter type="INSTRUCTION" missed="447" covered="1065"/><counter type="BRANCH" missed="56" covered="98"/><counter type="LINE" missed="111" covered="270"/><counter type="COMPLEXITY" missed="80" covered="109"/><counter type="METHOD" missed="42" covered="70"/><counter type="CLASS" missed="6" covered="18"/></sourcefile><counter type="INSTRUCTION" missed="447" covered="1065"/><counter type="BRANCH" missed="56" covered="98"/><counter type="LINE" missed="111" covered="270"/><counter type="COMPLEXITY" missed="80" covered="109"/><counter type="METHOD" missed="42" covered="70"/><counter type="CLASS" missed="6" covered="18"/></package><counter type="INSTRUCTION" missed="447" covered="1065"/><counter type="BRANCH" missed="56" covered="98"/><counter type="LINE" missed="111" covered="270"/><counter type="COMPLEXITY" missed="80" covered="109"/><counter type="METHOD" missed="42" covered="70"/><counter type="CLASS" missed="6" covered="18"/></report>